# JRE version: OpenJDK Runtime Environment (17.0.6) (build 17.0.6+0-b2043.56-10027231)
# Java VM: OpenJDK 64-Bit Server VM (17.0.6+0-b2043.56-10027231, mixed mode, tiered, compressed oops, compressed class ptrs, g1 gc, windows-amd64)
GC Precious Log:
 CPUs: 8 total, 8 available
 Memory: 8025M
 Large Page Support: Disabled
 NUMA Support: Disabled
 Compressed Oops: Enabled (32-bit)
 Heap Region Size: 1M
 Heap Min Capacity: 8M
 Heap Initial Capacity: 126M
 Heap Max Capacity: 2G
 Pre-touch: Disabled
 Parallel Workers: 8
 Concurrent Workers: 2
 Concurrent Refinement Workers: 8
 Periodic GC: Disabled
Heap:
 garbage-first heap   total 199680K, used 144713K [0x0000000080000000, 0x0000000100000000)
  region size 1024K, 5 young (5120K), 2 survivors (2048K)
 Metaspace       used 100606K, committed 101376K, reserved 1138688K
  class space    used 13721K, committed 14080K, reserved 1048576K
GC Heap History (20 events):
Event: 48.317 GC heap before
{Heap before GC invocations=40 (full 0):
 garbage-first heap   total 181248K, used 133817K [0x0000000080000000, 0x0000000100000000)
  region size 1024K, 31 young (31744K), 3 survivors (3072K)
 Metaspace       used 82211K, committed 82944K, reserved 1122304K
  class space    used 11421K, committed 11776K, reserved 1048576K
}
Event: 48.323 GC heap after
{Heap after GC invocations=41 (full 0):
 garbage-first heap   total 181248K, used 105822K [0x0000000080000000, 0x0000000100000000)
  region size 1024K, 4 young (4096K), 4 survivors (4096K)
 Metaspace       used 82211K, committed 82944K, reserved 1122304K
  class space    used 11421K, committed 11776K, reserved 1048576K
}
Event: 48.774 GC heap before
{Heap before GC invocations=41 (full 0):
 garbage-first heap   total 181248K, used 109918K [0x0000000080000000, 0x0000000100000000)
  region size 1024K, 8 young (8192K), 4 survivors (4096K)
 Metaspace       used 82611K, committed 83392K, reserved 1122304K
  class space    used 11470K, committed 11840K, reserved 1048576K
}
Event: 48.781 GC heap after
{Heap after GC invocations=42 (full 0):
 garbage-first heap   total 181248K, used 105294K [0x0000000080000000, 0x0000000100000000)
  region size 1024K, 1 young (1024K), 1 survivors (1024K)
 Metaspace       used 82611K, committed 83392K, reserved 1122304K
  class space    used 11470K, committed 11840K, reserved 1048576K
}
Event: 50.662 GC heap before
{Heap before GC invocations=42 (full 0):
 garbage-first heap   total 181248K, used 145230K [0x0000000080000000, 0x0000000100000000)
  region size 1024K, 40 young (40960K), 1 survivors (1024K)
 Metaspace       used 87626K, committed 88384K, reserved 1130496K
  class space    used 12121K, committed 12480K, reserved 1048576K
}
Event: 50.668 GC heap after
{Heap after GC invocations=43 (full 0):
 garbage-first heap   total 181248K, used 107963K [0x0000000080000000, 0x0000000100000000)
  region size 1024K, 4 young (4096K), 4 survivors (4096K)
 Metaspace       used 87626K, committed 88384K, reserved 1130496K
  class space    used 12121K, committed 12480K, reserved 1048576K
}
Event: 52.368 GC heap before
{Heap before GC invocations=43 (full 0):
 garbage-first heap   total 181248K, used 145851K [0x0000000080000000, 0x0000000100000000)
  region size 1024K, 42 young (43008K), 4 survivors (4096K)
 Metaspace       used 89949K, committed 90624K, reserved 1130496K
  class space    used 12408K, committed 12736K, reserved 1048576K
}
Event: 52.375 GC heap after
{Heap after GC invocations=44 (full 0):
 garbage-first heap   total 181248K, used 111101K [0x0000000080000000, 0x0000000100000000)
  region size 1024K, 6 young (6144K), 6 survivors (6144K)
 Metaspace       used 89949K, committed 90624K, reserved 1130496K
  class space    used 12408K, committed 12736K, reserved 1048576K
}
Event: 52.951 GC heap before
{Heap before GC invocations=44 (full 0):
 garbage-first heap   total 181248K, used 122365K [0x0000000080000000, 0x0000000100000000)
  region size 1024K, 18 young (18432K), 6 survivors (6144K)
 Metaspace       used 91817K, committed 92544K, reserved 1130496K
  class space    used 12647K, committed 12992K, reserved 1048576K
}
Event: 52.960 GC heap after
{Heap after GC invocations=45 (full 0):
 garbage-first heap   total 181248K, used 112055K [0x0000000080000000, 0x0000000100000000)
  region size 1024K, 2 young (2048K), 2 survivors (2048K)
 Metaspace       used 91817K, committed 92544K, reserved 1130496K
  class space    used 12647K, committed 12992K, reserved 1048576K
}
Event: 55.492 GC heap before
{Heap before GC invocations=46 (full 0):
 garbage-first heap   total 199680K, used 153015K [0x0000000080000000, 0x0000000100000000)
  region size 1024K, 38 young (38912K), 2 survivors (2048K)
 Metaspace       used 97648K, committed 98368K, reserved 1138688K
  class space    used 13386K, committed 13696K, reserved 1048576K
}
Event: 55.496 GC heap after
{Heap after GC invocations=47 (full 0):
 garbage-first heap   total 199680K, used 116307K [0x0000000080000000, 0x0000000100000000)
  region size 1024K, 2 young (2048K), 2 survivors (2048K)
 Metaspace       used 97648K, committed 98368K, reserved 1138688K
  class space    used 13386K, committed 13696K, reserved 1048576K
}
Event: 55.765 GC heap before
{Heap before GC invocations=47 (full 0):
 garbage-first heap   total 199680K, used 128595K [0x0000000080000000, 0x0000000100000000)
  region size 1024K, 9 young (9216K), 2 survivors (2048K)
 Metaspace       used 97833K, committed 98560K, reserved 1138688K
  class space    used 13406K, committed 13760K, reserved 1048576K
}
Event: 55.773 GC heap after
{Heap after GC invocations=48 (full 0):
 garbage-first heap   total 199680K, used 123344K [0x0000000080000000, 0x0000000100000000)
  region size 1024K, 2 young (2048K), 2 survivors (2048K)
 Metaspace       used 97833K, committed 98560K, reserved 1138688K
  class space    used 13406K, committed 13760K, reserved 1048576K
}
Event: 56.654 GC heap before
{Heap before GC invocations=48 (full 0):
 garbage-first heap   total 199680K, used 166352K [0x0000000080000000, 0x0000000100000000)
  region size 1024K, 44 young (45056K), 2 survivors (2048K)
 Metaspace       used 98000K, committed 98752K, reserved 1138688K
  class space    used 13411K, committed 13760K, reserved 1048576K
}
Event: 56.670 GC heap after
{Heap after GC invocations=49 (full 0):
 garbage-first heap   total 199680K, used 129898K [0x0000000080000000, 0x0000000100000000)
  region size 1024K, 6 young (6144K), 6 survivors (6144K)
 Metaspace       used 98000K, committed 98752K, reserved 1138688K
  class space    used 13411K, committed 13760K, reserved 1048576K
}
Event: 57.285 GC heap before
{Heap before GC invocations=49 (full 0):
 garbage-first heap   total 199680K, used 162666K [0x0000000080000000, 0x0000000100000000)
  region size 1024K, 38 young (38912K), 6 survivors (6144K)
 Metaspace       used 98018K, committed 98752K, reserved 1138688K
  class space    used 13412K, committed 13760K, reserved 1048576K
}
Event: 57.303 GC heap after
{Heap after GC invocations=50 (full 0):
 garbage-first heap   total 199680K, used 140959K [0x0000000080000000, 0x0000000100000000)
  region size 1024K, 5 young (5120K), 5 survivors (5120K)
 Metaspace       used 98018K, committed 98752K, reserved 1138688K
  class space    used 13412K, committed 13760K, reserved 1048576K
}
Event: 58.163 GC heap before
{Heap before GC invocations=50 (full 0):
 garbage-first heap   total 199680K, used 163487K [0x0000000080000000, 0x0000000100000000)
  region size 1024K, 27 young (27648K), 5 survivors (5120K)
 Metaspace       used 100159K, committed 100928K, reserved 1138688K
  class space    used 13670K, committed 14016K, reserved 1048576K
}
Event: 58.169 GC heap after
{Heap after GC invocations=51 (full 0):
 garbage-first heap   total 199680K, used 142665K [0x0000000080000000, 0x0000000100000000)
  region size 1024K, 2 young (2048K), 2 survivors (2048K)
 Metaspace       used 100159K, committed 100928K, reserved 1138688K
  class space    used 13670K, committed 14016K, reserved 1048576K
}

