# JRE version: OpenJDK Runtime Environment (17.0.6) (build 17.0.6+0-b2043.56-10027231)
# Java VM: OpenJDK 64-Bit Server VM (17.0.6+0-b2043.56-10027231, mixed mode, tiered, compressed oops, compressed class ptrs, g1 gc, windows-amd64)
GC Precious Log:
 CPUs: 8 total, 8 available
 Memory: 8025M
 Large Page Support: Disabled
 NUMA Support: Disabled
 Compressed Oops: Enabled (32-bit)
 Heap Region Size: 1M
 Heap Min Capacity: 8M
 Heap Initial Capacity: 126M
 Heap Max Capacity: 2G
 Pre-touch: Disabled
 Parallel Workers: 8
 Concurrent Workers: 2
 Concurrent Refinement Workers: 8
 Periodic GC: Disabled
Heap:
 garbage-first heap   total 140288K, used 110774K [0x0000000080000000, 0x0000000100000000)
  region size 1024K, 15 young (15360K), 3 survivors (3072K)
 Metaspace       used 66897K, committed 67648K, reserved 1114112K
  class space    used 8928K, committed 9280K, reserved 1048576K
GC Heap History (20 events):
Event: 34.479 GC heap before
{Heap before GC invocations=26 (full 0):
 garbage-first heap   total 116736K, used 88799K [0x0000000080000000, 0x0000000100000000)
  region size 1024K, 23 young (23552K), 2 survivors (2048K)
 Metaspace       used 51391K, committed 52032K, reserved 1097728K
  class space    used 6809K, committed 7104K, reserved 1048576K
}
Event: 34.483 GC heap after
{Heap after GC invocations=27 (full 0):
 garbage-first heap   total 116736K, used 69771K [0x0000000080000000, 0x0000000100000000)
  region size 1024K, 2 young (2048K), 2 survivors (2048K)
 Metaspace       used 51391K, committed 52032K, reserved 1097728K
  class space    used 6809K, committed 7104K, reserved 1048576K
}
Event: 35.415 GC heap before
{Heap before GC invocations=28 (full 0):
 garbage-first heap   total 121856K, used 91275K [0x0000000080000000, 0x0000000100000000)
  region size 1024K, 24 young (24576K), 2 survivors (2048K)
 Metaspace       used 53923K, committed 54528K, reserved 1097728K
  class space    used 7251K, committed 7552K, reserved 1048576K
}
Event: 35.419 GC heap after
{Heap after GC invocations=29 (full 0):
 garbage-first heap   total 121856K, used 71305K [0x0000000080000000, 0x0000000100000000)
  region size 1024K, 3 young (3072K), 3 survivors (3072K)
 Metaspace       used 53923K, committed 54528K, reserved 1097728K
  class space    used 7251K, committed 7552K, reserved 1048576K
}
Event: 38.356 GC heap before
{Heap before GC invocations=29 (full 0):
 garbage-first heap   total 121856K, used 96905K [0x0000000080000000, 0x0000000100000000)
  region size 1024K, 29 young (29696K), 3 survivors (3072K)
 Metaspace       used 56276K, committed 56960K, reserved 1105920K
  class space    used 7561K, committed 7872K, reserved 1048576K
}
Event: 38.364 GC heap after
{Heap after GC invocations=30 (full 0):
 garbage-first heap   total 121856K, used 73728K [0x0000000080000000, 0x0000000100000000)
  region size 1024K, 4 young (4096K), 4 survivors (4096K)
 Metaspace       used 56276K, committed 56960K, reserved 1105920K
  class space    used 7561K, committed 7872K, reserved 1048576K
}
Event: 40.767 GC heap before
{Heap before GC invocations=31 (full 0):
 garbage-first heap   total 126976K, used 96256K [0x0000000080000000, 0x0000000100000000)
  region size 1024K, 28 young (28672K), 4 survivors (4096K)
 Metaspace       used 56669K, committed 57344K, reserved 1105920K
  class space    used 7601K, committed 7872K, reserved 1048576K
}
Event: 40.779 GC heap after
{Heap after GC invocations=32 (full 0):
 garbage-first heap   total 126976K, used 76326K [0x0000000080000000, 0x0000000100000000)
  region size 1024K, 4 young (4096K), 4 survivors (4096K)
 Metaspace       used 56669K, committed 57344K, reserved 1105920K
  class space    used 7601K, committed 7872K, reserved 1048576K
}
Event: 40.891 GC heap before
{Heap before GC invocations=33 (full 0):
 garbage-first heap   total 135168K, used 78374K [0x0000000080000000, 0x0000000100000000)
  region size 1024K, 6 young (6144K), 4 survivors (4096K)
 Metaspace       used 56672K, committed 57344K, reserved 1105920K
  class space    used 7602K, committed 7872K, reserved 1048576K
}
Event: 40.897 GC heap after
{Heap after GC invocations=34 (full 0):
 garbage-first heap   total 135168K, used 79649K [0x0000000080000000, 0x0000000100000000)
  region size 1024K, 2 young (2048K), 2 survivors (2048K)
 Metaspace       used 56672K, committed 57344K, reserved 1105920K
  class space    used 7602K, committed 7872K, reserved 1048576K
}
Event: 41.788 GC heap before
{Heap before GC invocations=35 (full 0):
 garbage-first heap   total 140288K, used 105249K [0x0000000080000000, 0x0000000100000000)
  region size 1024K, 20 young (20480K), 2 survivors (2048K)
 Metaspace       used 58183K, committed 58816K, reserved 1105920K
  class space    used 7803K, committed 8064K, reserved 1048576K
}
Event: 41.792 GC heap after
{Heap after GC invocations=36 (full 0):
 garbage-first heap   total 140288K, used 91686K [0x0000000080000000, 0x0000000100000000)
  region size 1024K, 3 young (3072K), 3 survivors (3072K)
 Metaspace       used 58183K, committed 58816K, reserved 1105920K
  class space    used 7803K, committed 8064K, reserved 1048576K
}
Event: 41.954 GC heap before
{Heap before GC invocations=36 (full 0):
 garbage-first heap   total 140288K, used 94758K [0x0000000080000000, 0x0000000100000000)
  region size 1024K, 6 young (6144K), 3 survivors (3072K)
 Metaspace       used 58529K, committed 59136K, reserved 1105920K
  class space    used 7861K, committed 8128K, reserved 1048576K
}
Event: 41.958 GC heap after
{Heap after GC invocations=37 (full 0):
 garbage-first heap   total 140288K, used 91300K [0x0000000080000000, 0x0000000100000000)
  region size 1024K, 1 young (1024K), 1 survivors (1024K)
 Metaspace       used 58529K, committed 59136K, reserved 1105920K
  class space    used 7861K, committed 8128K, reserved 1048576K
}
Event: 43.093 GC heap before
{Heap before GC invocations=37 (full 0):
 garbage-first heap   total 140288K, used 107684K [0x0000000080000000, 0x0000000100000000)
  region size 1024K, 17 young (17408K), 1 survivors (1024K)
 Metaspace       used 60881K, committed 61504K, reserved 1105920K
  class space    used 8150K, committed 8448K, reserved 1048576K
}
Event: 43.096 GC heap after
{Heap after GC invocations=38 (full 0):
 garbage-first heap   total 140288K, used 91910K [0x0000000080000000, 0x0000000100000000)
  region size 1024K, 1 young (1024K), 1 survivors (1024K)
 Metaspace       used 60881K, committed 61504K, reserved 1105920K
  class space    used 8150K, committed 8448K, reserved 1048576K
}
Event: 45.301 GC heap before
{Heap before GC invocations=38 (full 0):
 garbage-first heap   total 140288K, used 109318K [0x0000000080000000, 0x0000000100000000)
  region size 1024K, 19 young (19456K), 1 survivors (1024K)
 Metaspace       used 63487K, committed 64192K, reserved 1105920K
  class space    used 8496K, committed 8768K, reserved 1048576K
}
Event: 45.309 GC heap after
{Heap after GC invocations=39 (full 0):
 garbage-first heap   total 140288K, used 92558K [0x0000000080000000, 0x0000000100000000)
  region size 1024K, 2 young (2048K), 2 survivors (2048K)
 Metaspace       used 63487K, committed 64192K, reserved 1105920K
  class space    used 8496K, committed 8768K, reserved 1048576K
}
Event: 46.353 GC heap before
{Heap before GC invocations=39 (full 0):
 garbage-first heap   total 140288K, used 105870K [0x0000000080000000, 0x0000000100000000)
  region size 1024K, 16 young (16384K), 2 survivors (2048K)
 Metaspace       used 66886K, committed 67648K, reserved 1114112K
  class space    used 8927K, committed 9280K, reserved 1048576K
}
Event: 46.359 GC heap after
{Heap after GC invocations=40 (full 0):
 garbage-first heap   total 140288K, used 94390K [0x0000000080000000, 0x0000000100000000)
  region size 1024K, 3 young (3072K), 3 survivors (3072K)
 Metaspace       used 66886K, committed 67648K, reserved 1114112K
  class space    used 8927K, committed 9280K, reserved 1048576K
}

